<?xml version="1.0" encoding="UTF-8" ?>
<testsuite tests="6" failures="2" name="testRunner.TestRun" time="163.604" errors="0" skipped="0">
  <properties>
[...]
</properties>
  <testcase classname="Customers" name="Add a new Customer" time="69.494"/>
  <testcase classname="Customers" name="Search customer by Emailid" time="33.464"/>
  <testcase classname="Customers" name="Search customer by Name" time="30.257"/>
  <testcase classname="Login" name="Successful login with valid Credentials" time="19.574"/>
  <testcase classname="Login" name="Login Data Driven" time="5.132">
    <failure message="expected:&lt;[Dashboard / nopCommerce administratio]n&gt; but was:&lt;[Your store. Logi]n&gt;" type="org.junit.ComparisonFailure">org.junit.ComparisonFailure: expected:&lt;[Dashboard / nopCommerce administratio]n&gt; but was:&lt;[Your store. Logi]n&gt;
	at org.junit.Assert.assertEquals(Assert.java:115)
	at org.junit.Assert.assertEquals(Assert.java:144)
	at stepDefinations.Steps.page_title_should_be(Steps.java:118)
	at ✽.Page title should be &quot;Dashboard / nopCommerce administration&quot;(file:Features/Login.feature:40)
</failure>
    <system-out>
  @regression
  Scenario Outline: Login Data Driven # Features/Login.feature:35
    Given User Launch Chrome browser
    When User opens URL &quot;https://admin-demo.nopcommerce.com/login?ReturnUrl=%2Fadmin%2F&quot;
    And User enters Email as&quot;&lt;email&gt;&quot; as Password as &quot;&lt;password&gt;&quot;
    And Click on Login
    Then Page title should be &quot;Dashboard / nopCommerce administration&quot;
    When User click on Log out link
    Then Page Title should be &quot;Your store. Login&quot;
    And close browser

    Examples: 

  @tag @regression
  Scenario Outline: Login Data Driven                                                    # Features/Login.feature:47
 INFO [main] (Steps.java:70)- *****Launching URL********
    Given User Launch Chrome browser                                                     # Steps.user_Launch_Chrome_browser()
 INFO [main] (Steps.java:86)- *******Opening URL********
    When User opens URL &quot;https://admin-demo.nopcommerce.com/login?ReturnUrl=%2Fadmin%2F&quot; # Steps.user_opens_URL(String)
 INFO [main] (Steps.java:94)- *****Providing Login Details********
    And User enters Email as&quot;admin@yourstore.com&quot; as Password as &quot;admin&quot;                 # Steps.user_enters_Email_as_as_Password_as(String,String)
 INFO [main] (Steps.java:102)- *******Started login********
    And Click on Login                                                                   # Steps.click_on_Login()
 INFO [main] (Steps.java:117)- *******Login Failed********
    Then Page title should be &quot;Dashboard / nopCommerce administration&quot;                   # Steps.page_title_should_be(String)
      org.junit.ComparisonFailure: expected:&lt;[Dashboard / nopCommerce administratio]n&gt; but was:&lt;[Your store. Logi]n&gt;
	at org.junit.Assert.assertEquals(Assert.java:115)
	at org.junit.Assert.assertEquals(Assert.java:144)
	at stepDefinations.Steps.page_title_should_be(Steps.java:118)
	at ?.Page title should be &quot;Dashboard / nopCommerce administration&quot;(file:Features/Login.feature:40)

    When User click on Log out link                                                      # Steps.user_click_on_Log_out_link()
    Then Page Title should be &quot;Your store. Login&quot;                                        # Steps.page_Title_should_be(String)
    And close browser                                                                    # Steps.close_browser()
</system-out>
    <system-err>Starting ChromeDriver 103.0.5060.134 (8ec6fce403b3feb0869b0732eda8bd95011d333c-refs/branch-heads/5060@{#1262}) on port 17654
Only local connections are allowed.
Please see https://chromedriver.chromium.org/security-considerations for suggestions on keeping ChromeDriver safe.
ChromeDriver was started successfully.
Jul 27, 2022 9:39:48 AM org.openqa.selenium.remote.ProtocolHandshake createSession
INFO: Detected dialect: W3C
</system-err>
  </testcase>
  <testcase classname="Login" name="Login Data Driven" time="5.683">
    <failure message="expected:&lt;[Dashboard / nopCommerce administratio]n&gt; but was:&lt;[Your store. Logi]n&gt;" type="org.junit.ComparisonFailure">org.junit.ComparisonFailure: expected:&lt;[Dashboard / nopCommerce administratio]n&gt; but was:&lt;[Your store. Logi]n&gt;
	at org.junit.Assert.assertEquals(Assert.java:115)
	at org.junit.Assert.assertEquals(Assert.java:144)
	at stepDefinations.Steps.page_title_should_be(Steps.java:118)
	at ✽.Page title should be &quot;Dashboard / nopCommerce administration&quot;(file:Features/Login.feature:40)
</failure>
    <system-out>
  @tag @regression
  Scenario Outline: Login Data Driven                                                    # Features/Login.feature:48
 INFO [main] (Steps.java:70)- *****Launching URL********
    Given User Launch Chrome browser                                                     # Steps.user_Launch_Chrome_browser()
 INFO [main] (Steps.java:86)- *******Opening URL********
    When User opens URL &quot;https://admin-demo.nopcommerce.com/login?ReturnUrl=%2Fadmin%2F&quot; # Steps.user_opens_URL(String)
 INFO [main] (Steps.java:94)- *****Providing Login Details********
    And User enters Email as&quot;admin1@yourstore.com&quot; as Password as &quot;admin123&quot;             # Steps.user_enters_Email_as_as_Password_as(String,String)
 INFO [main] (Steps.java:102)- *******Started login********
    And Click on Login                                                                   # Steps.click_on_Login()
 INFO [main] (Steps.java:117)- *******Login Failed********
    Then Page title should be &quot;Dashboard / nopCommerce administration&quot;                   # Steps.page_title_should_be(String)
      org.junit.ComparisonFailure: expected:&lt;[Dashboard / nopCommerce administratio]n&gt; but was:&lt;[Your store. Logi]n&gt;
	at org.junit.Assert.assertEquals(Assert.java:115)
	at org.junit.Assert.assertEquals(Assert.java:144)
	at stepDefinations.Steps.page_title_should_be(Steps.java:118)
	at ?.Page title should be &quot;Dashboard / nopCommerce administration&quot;(file:Features/Login.feature:40)

    When User click on Log out link                                                      # Steps.user_click_on_Log_out_link()
    Then Page Title should be &quot;Your store. Login&quot;                                        # Steps.page_Title_should_be(String)
    And close browser                                                                    # Steps.close_browser()
</system-out>
    <system-err>Starting ChromeDriver 103.0.5060.134 (8ec6fce403b3feb0869b0732eda8bd95011d333c-refs/branch-heads/5060@{#1262}) on port 15174
Only local connections are allowed.
Please see https://chromedriver.chromium.org/security-considerations for suggestions on keeping ChromeDriver safe.
ChromeDriver was started successfully.
Jul 27, 2022 9:39:53 AM org.openqa.selenium.remote.ProtocolHandshake createSession
INFO: Detected dialect: W3C
</system-err>
  </testcase>
</testsuite>